<?xml version="1.0" encoding="UTF-8" standalone="no"?>
<!DOCTYPE log SYSTEM "logger.dtd">
<log>
<record>
  <date>2019-05-01T17:34:11</date>
  <millis>1556721251617</millis>
  <sequence>0</sequence>
  <level>START</level>
  <class>com.kms.katalon.core.logging.XmlKeywordLogger</class>
  <method>startSuite</method>
  <thread>1</thread>
  <message>Start Test Suite : Test Suites/Media Monitoring</message>
  <nestedLevel>0</nestedLevel>
  <property name="name">Media Monitoring</property>
  <property name="description"></property>
  <property name="id">Test Suites/Media Monitoring</property>
</record>
<record>
  <date>2019-05-01T17:34:11</date>
  <millis>1556721251632</millis>
  <sequence>1</sequence>
  <level>RUN_DATA</level>
  <class>com.kms.katalon.core.logging.XmlKeywordLogger</class>
  <method>logMessage</method>
  <thread>1</thread>
  <message>hostName = Mujahed - WSK-JOR-BM-PZ07</message>
  <nestedLevel>0</nestedLevel>
  <property name="hostName">Mujahed - WSK-JOR-BM-PZ07</property>
</record>
<record>
  <date>2019-05-01T17:34:11</date>
  <millis>1556721251633</millis>
  <sequence>2</sequence>
  <level>RUN_DATA</level>
  <class>com.kms.katalon.core.logging.XmlKeywordLogger</class>
  <method>logMessage</method>
  <thread>1</thread>
  <message>os = Windows 10 64bit</message>
  <nestedLevel>0</nestedLevel>
  <property name="os">Windows 10 64bit</property>
</record>
<record>
  <date>2019-05-01T17:34:11</date>
  <millis>1556721251633</millis>
  <sequence>3</sequence>
  <level>RUN_DATA</level>
  <class>com.kms.katalon.core.logging.XmlKeywordLogger</class>
  <method>logMessage</method>
  <thread>1</thread>
  <message>hostAddress = 169.254.172.185</message>
  <nestedLevel>0</nestedLevel>
  <property name="hostAddress">169.254.172.185</property>
</record>
<record>
  <date>2019-05-01T17:34:11</date>
  <millis>1556721251638</millis>
  <sequence>4</sequence>
  <level>RUN_DATA</level>
  <class>com.kms.katalon.core.logging.XmlKeywordLogger</class>
  <method>logMessage</method>
  <thread>1</thread>
  <message>katalonVersion = 6.0.5.4</message>
  <nestedLevel>0</nestedLevel>
  <property name="katalonVersion">6.0.5.4</property>
</record>
<record>
  <date>2019-05-01T17:34:12</date>
  <millis>1556721252026</millis>
  <sequence>5</sequence>
  <level>START</level>
  <class>com.kms.katalon.core.logging.XmlKeywordLogger</class>
  <method>startTest</method>
  <thread>1</thread>
  <message>Start Test Case : Test Cases/CheckClips</message>
  <nestedLevel>1</nestedLevel>
  <property name="name">Test Cases/CheckClips</property>
  <property name="description"></property>
  <property name="id">Test Cases/CheckClips</property>
  <property name="source">C:\\Users\\Mujahed\\Desktop\\mediaProject\\Test Cases\\CheckClips.tc</property>
  <property name="isOptional">false</property>
</record>
<record>
  <date>2019-05-01T17:34:12</date>
  <millis>1556721252695</millis>
  <sequence>7</sequence>
  <level>START</level>
  <class>com.kms.katalon.core.logging.XmlKeywordLogger</class>
  <method>startKeyword</method>
  <thread>1</thread>
  <message>Start action : ClipsID = shahid.api.CropResponse.getResponse(\&amp;quot;CLIP\&amp;quot;)</message>
  <nestedLevel>1</nestedLevel>
  <property name="startLine">20</property>
  <property name="stepIndex">1</property>
</record>
<record>
  <date>2019-05-01T17:34:15</date>
  <millis>1556721255987</millis>
  <sequence>8</sequence>
  <level>PASSED</level>
  <class>com.kms.katalon.core.logging.XmlKeywordLogger</class>
  <method>logMessage</method>
  <thread>1</thread>
  <message>shahid.api.CropResponse.getResponse is PASSED</message>
  <nestedLevel>1</nestedLevel>
</record>
<record>
  <date>2019-05-01T17:34:15</date>
  <millis>1556721255988</millis>
  <sequence>9</sequence>
  <level>END</level>
  <class>com.kms.katalon.core.logging.XmlKeywordLogger</class>
  <method>endKeyword</method>
  <thread>1</thread>
  <message>End action : ClipsID = shahid.api.CropResponse.getResponse(\&amp;quot;CLIP\&amp;quot;)</message>
  <nestedLevel>1</nestedLevel>
</record>
<record>
  <date>2019-05-01T17:34:15</date>
  <millis>1556721255989</millis>
  <sequence>10</sequence>
  <level>START</level>
  <class>com.kms.katalon.core.logging.XmlKeywordLogger</class>
  <method>startKeyword</method>
  <thread>1</thread>
  <message>Start action : ID = ClipsID.split(\&amp;quot;,\&amp;quot;)</message>
  <nestedLevel>1</nestedLevel>
  <property name="startLine">24</property>
  <property name="stepIndex">2</property>
</record>
<record>
  <date>2019-05-01T17:34:15</date>
  <millis>1556721255991</millis>
  <sequence>11</sequence>
  <level>END</level>
  <class>com.kms.katalon.core.logging.XmlKeywordLogger</class>
  <method>endKeyword</method>
  <thread>1</thread>
  <message>End action : ID = ClipsID.split(\&amp;quot;,\&amp;quot;)</message>
  <nestedLevel>1</nestedLevel>
</record>
<record>
  <date>2019-05-01T17:34:15</date>
  <millis>1556721255991</millis>
  <sequence>12</sequence>
  <level>START</level>
  <class>com.kms.katalon.core.logging.XmlKeywordLogger</class>
  <method>startKeyword</method>
  <thread>1</thread>
  <message>Start action : for ([i = 0, i &amp;lt;= 2, (i++)])</message>
  <nestedLevel>1</nestedLevel>
  <property name="startLine">27</property>
  <property name="stepIndex">3</property>
</record>
<record>
  <date>2019-05-01T17:34:15</date>
  <millis>1556721255993</millis>
  <sequence>13</sequence>
  <level>START</level>
  <class>com.kms.katalon.core.logging.XmlKeywordLogger</class>
  <method>startKeyword</method>
  <thread>1</thread>
  <message>Start action : PlayoutURL = \&amp;quot;https://api2.shahid.net/proxy/v2/playout/url/\&amp;quot; + ID[i]</message>
  <nestedLevel>2</nestedLevel>
  <property name="startLine">29</property>
  <property name="stepIndex">1</property>
</record>
<record>
  <date>2019-05-01T17:34:16</date>
  <millis>1556721256003</millis>
  <sequence>14</sequence>
  <level>END</level>
  <class>com.kms.katalon.core.logging.XmlKeywordLogger</class>
  <method>endKeyword</method>
  <thread>1</thread>
  <message>End action : PlayoutURL = \&amp;quot;https://api2.shahid.net/proxy/v2/playout/url/\&amp;quot; + ID[i]</message>
  <nestedLevel>2</nestedLevel>
</record>
<record>
  <date>2019-05-01T17:34:16</date>
  <millis>1556721256003</millis>
  <sequence>15</sequence>
  <level>START</level>
  <class>com.kms.katalon.core.logging.XmlKeywordLogger</class>
  <method>startKeyword</method>
  <thread>1</thread>
  <message>Start action : PlayOut = shahid.api.SendMediaReq.SendRequest(\&amp;quot;https://api2.shahid.net/proxy/v2/playout/url/\&amp;quot; + ID[i])</message>
  <nestedLevel>2</nestedLevel>
  <property name="startLine">30</property>
  <property name="stepIndex">2</property>
</record>
<record>
  <date>2019-05-01T17:34:18</date>
  <millis>1556721258708</millis>
  <sequence>18</sequence>
  <level>INFO</level>
  <class>com.kms.katalon.core.logging.XmlKeywordLogger</class>
  <method>logMessage</method>
  <thread>1</thread>
  <message>HAR: C:\\Users\\Mujahed\\Desktop\\mediaProject\\Reports\\Media Monitoring\\20190501_173400\\requests\\main\\0.har</message>
  <nestedLevel>1</nestedLevel>
  <property name="harId">7ed589ac-6cfe-4aaa-8444-c57ed93eccdc</property>
</record>
<record>
  <date>2019-05-01T17:34:18</date>
  <millis>1556721258806</millis>
  <sequence>19</sequence>
  <level>PASSED</level>
  <class>com.kms.katalon.core.logging.XmlKeywordLogger</class>
  <method>logMessage</method>
  <thread>1</thread>
  <message>Send request successfully</message>
  <nestedLevel>1</nestedLevel>
</record>
<record>
  <date>2019-05-01T17:34:18</date>
  <millis>1556721258808</millis>
  <sequence>20</sequence>
  <level>PASSED</level>
  <class>com.kms.katalon.core.logging.XmlKeywordLogger</class>
  <method>logMessage</method>
  <thread>1</thread>
  <message>shahid.api.SendMediaReq.SendRequest is PASSED</message>
  <nestedLevel>1</nestedLevel>
</record>
<record>
  <date>2019-05-01T17:34:18</date>
  <millis>1556721258809</millis>
  <sequence>21</sequence>
  <level>END</level>
  <class>com.kms.katalon.core.logging.XmlKeywordLogger</class>
  <method>endKeyword</method>
  <thread>1</thread>
  <message>End action : PlayOut = shahid.api.SendMediaReq.SendRequest(\&amp;quot;https://api2.shahid.net/proxy/v2/playout/url/\&amp;quot; + ID[i])</message>
  <nestedLevel>2</nestedLevel>
</record>
<record>
  <date>2019-05-01T17:34:18</date>
  <millis>1556721258809</millis>
  <sequence>22</sequence>
  <level>START</level>
  <class>com.kms.katalon.core.logging.XmlKeywordLogger</class>
  <method>startKeyword</method>
  <thread>1</thread>
  <message>Start action : responseBody = PlayOut.getResponseBodyContent()</message>
  <nestedLevel>2</nestedLevel>
  <property name="startLine">32</property>
  <property name="stepIndex">3</property>
</record>
<record>
  <date>2019-05-01T17:34:18</date>
  <millis>1556721258817</millis>
  <sequence>23</sequence>
  <level>END</level>
  <class>com.kms.katalon.core.logging.XmlKeywordLogger</class>
  <method>endKeyword</method>
  <thread>1</thread>
  <message>End action : responseBody = PlayOut.getResponseBodyContent()</message>
  <nestedLevel>2</nestedLevel>
</record>
<record>
  <date>2019-05-01T17:34:18</date>
  <millis>1556721258819</millis>
  <sequence>24</sequence>
  <level>START</level>
  <class>com.kms.katalon.core.logging.XmlKeywordLogger</class>
  <method>startKeyword</method>
  <thread>1</thread>
  <message>Start action : responseCode = getStatusCode().toString()</message>
  <nestedLevel>2</nestedLevel>
  <property name="startLine">33</property>
  <property name="stepIndex">4</property>
</record>
<record>
  <date>2019-05-01T17:34:18</date>
  <millis>1556721258821</millis>
  <sequence>25</sequence>
  <level>END</level>
  <class>com.kms.katalon.core.logging.XmlKeywordLogger</class>
  <method>endKeyword</method>
  <thread>1</thread>
  <message>End action : responseCode = getStatusCode().toString()</message>
  <nestedLevel>2</nestedLevel>
</record>
<record>
  <date>2019-05-01T17:34:18</date>
  <millis>1556721258821</millis>
  <sequence>26</sequence>
  <level>START</level>
  <class>com.kms.katalon.core.logging.XmlKeywordLogger</class>
  <method>startKeyword</method>
  <thread>1</thread>
  <message>Start action : Temp2 = responseBody.split(\&amp;quot;,\&amp;quot;)</message>
  <nestedLevel>2</nestedLevel>
  <property name="startLine">35</property>
  <property name="stepIndex">5</property>
</record>
<record>
  <date>2019-05-01T17:34:18</date>
  <millis>1556721258822</millis>
  <sequence>27</sequence>
  <level>END</level>
  <class>com.kms.katalon.core.logging.XmlKeywordLogger</class>
  <method>endKeyword</method>
  <thread>1</thread>
  <message>End action : Temp2 = responseBody.split(\&amp;quot;,\&amp;quot;)</message>
  <nestedLevel>2</nestedLevel>
</record>
<record>
  <date>2019-05-01T17:34:18</date>
  <millis>1556721258822</millis>
  <sequence>28</sequence>
  <level>START</level>
  <class>com.kms.katalon.core.logging.XmlKeywordLogger</class>
  <method>startKeyword</method>
  <thread>1</thread>
  <message>Start action : fullURL = Temp2[9]</message>
  <nestedLevel>2</nestedLevel>
  <property name="startLine">36</property>
  <property name="stepIndex">6</property>
</record>
<record>
  <date>2019-05-01T17:34:18</date>
  <millis>1556721258824</millis>
  <sequence>29</sequence>
  <level>END</level>
  <class>com.kms.katalon.core.logging.XmlKeywordLogger</class>
  <method>endKeyword</method>
  <thread>1</thread>
  <message>End action : fullURL = Temp2[9]</message>
  <nestedLevel>2</nestedLevel>
</record>
<record>
  <date>2019-05-01T17:34:18</date>
  <millis>1556721258824</millis>
  <sequence>30</sequence>
  <level>START</level>
  <class>com.kms.katalon.core.logging.XmlKeywordLogger</class>
  <method>startKeyword</method>
  <thread>1</thread>
  <message>Start action : Temp6 = fullURL.split(\&amp;quot;\&amp;quot;\&amp;quot;)</message>
  <nestedLevel>2</nestedLevel>
  <property name="startLine">39</property>
  <property name="stepIndex">7</property>
</record>
<record>
  <date>2019-05-01T17:34:18</date>
  <millis>1556721258826</millis>
  <sequence>31</sequence>
  <level>END</level>
  <class>com.kms.katalon.core.logging.XmlKeywordLogger</class>
  <method>endKeyword</method>
  <thread>1</thread>
  <message>End action : Temp6 = fullURL.split(\&amp;quot;\&amp;quot;\&amp;quot;)</message>
  <nestedLevel>2</nestedLevel>
</record>
<record>
  <date>2019-05-01T17:34:18</date>
  <millis>1556721258827</millis>
  <sequence>32</sequence>
  <level>START</level>
  <class>com.kms.katalon.core.logging.XmlKeywordLogger</class>
  <method>startKeyword</method>
  <thread>1</thread>
  <message>Start action : ActualURL = Temp6[3]</message>
  <nestedLevel>2</nestedLevel>
  <property name="startLine">40</property>
  <property name="stepIndex">8</property>
</record>
<record>
  <date>2019-05-01T17:34:18</date>
  <millis>1556721258831</millis>
  <sequence>33</sequence>
  <level>END</level>
  <class>com.kms.katalon.core.logging.XmlKeywordLogger</class>
  <method>endKeyword</method>
  <thread>1</thread>
  <message>End action : ActualURL = Temp6[3]</message>
  <nestedLevel>2</nestedLevel>
</record>
<record>
  <date>2019-05-01T17:34:18</date>
  <millis>1556721258832</millis>
  <sequence>34</sequence>
  <level>START</level>
  <class>com.kms.katalon.core.logging.XmlKeywordLogger</class>
  <method>startKeyword</method>
  <thread>1</thread>
  <message>Start action : if (ActualURL.contains(\&amp;quot;m3u8\&amp;quot;))</message>
  <nestedLevel>2</nestedLevel>
  <property name="startLine">42</property>
  <property name="stepIndex">9</property>
</record>
<record>
  <date>2019-05-01T17:34:18</date>
  <millis>1556721258834</millis>
  <sequence>35</sequence>
  <level>START</level>
  <class>com.kms.katalon.core.logging.XmlKeywordLogger</class>
  <method>startKeyword</method>
  <thread>1</thread>
  <message>Start action : result = new shahid.api.Result()</message>
  <nestedLevel>3</nestedLevel>
  <property name="startLine">43</property>
  <property name="stepIndex">1</property>
</record>
<record>
  <date>2019-05-01T17:34:18</date>
  <millis>1556721258843</millis>
  <sequence>36</sequence>
  <level>END</level>
  <class>com.kms.katalon.core.logging.XmlKeywordLogger</class>
  <method>endKeyword</method>
  <thread>1</thread>
  <message>End action : result = new shahid.api.Result()</message>
  <nestedLevel>3</nestedLevel>
</record>
<record>
  <date>2019-05-01T17:34:18</date>
  <millis>1556721258843</millis>
  <sequence>37</sequence>
  <level>START</level>
  <class>com.kms.katalon.core.logging.XmlKeywordLogger</class>
  <method>startKeyword</method>
  <thread>1</thread>
  <message>Start action : result.setURL(PlayoutURL)</message>
  <nestedLevel>3</nestedLevel>
  <property name="startLine">44</property>
  <property name="stepIndex">2</property>
</record>
<record>
  <date>2019-05-01T17:34:18</date>
  <millis>1556721258848</millis>
  <sequence>38</sequence>
  <level>END</level>
  <class>com.kms.katalon.core.logging.XmlKeywordLogger</class>
  <method>endKeyword</method>
  <thread>1</thread>
  <message>End action : result.setURL(PlayoutURL)</message>
  <nestedLevel>3</nestedLevel>
</record>
<record>
  <date>2019-05-01T17:34:18</date>
  <millis>1556721258848</millis>
  <sequence>39</sequence>
  <level>START</level>
  <class>com.kms.katalon.core.logging.XmlKeywordLogger</class>
  <method>startKeyword</method>
  <thread>1</thread>
  <message>Start action : result.setStatuscode(responseCode)</message>
  <nestedLevel>3</nestedLevel>
  <property name="startLine">45</property>
  <property name="stepIndex">3</property>
</record>
<record>
  <date>2019-05-01T17:34:18</date>
  <millis>1556721258850</millis>
  <sequence>40</sequence>
  <level>END</level>
  <class>com.kms.katalon.core.logging.XmlKeywordLogger</class>
  <method>endKeyword</method>
  <thread>1</thread>
  <message>End action : result.setStatuscode(responseCode)</message>
  <nestedLevel>3</nestedLevel>
</record>
<record>
  <date>2019-05-01T17:34:18</date>
  <millis>1556721258851</millis>
  <sequence>41</sequence>
  <level>START</level>
  <class>com.kms.katalon.core.logging.XmlKeywordLogger</class>
  <method>startKeyword</method>
  <thread>1</thread>
  <message>Start action : result.setResponse(responseBody)</message>
  <nestedLevel>3</nestedLevel>
  <property name="startLine">46</property>
  <property name="stepIndex">4</property>
</record>
<record>
  <date>2019-05-01T17:34:18</date>
  <millis>1556721258851</millis>
  <sequence>42</sequence>
  <level>END</level>
  <class>com.kms.katalon.core.logging.XmlKeywordLogger</class>
  <method>endKeyword</method>
  <thread>1</thread>
  <message>End action : result.setResponse(responseBody)</message>
  <nestedLevel>3</nestedLevel>
</record>
<record>
  <date>2019-05-01T17:34:18</date>
  <millis>1556721258851</millis>
  <sequence>43</sequence>
  <level>START</level>
  <class>com.kms.katalon.core.logging.XmlKeywordLogger</class>
  <method>startKeyword</method>
  <thread>1</thread>
  <message>Start action : result.setApiname(\&amp;quot;Media URL Contains Space\&amp;quot;)</message>
  <nestedLevel>3</nestedLevel>
  <property name="startLine">47</property>
  <property name="stepIndex">5</property>
</record>
<record>
  <date>2019-05-01T17:34:18</date>
  <millis>1556721258855</millis>
  <sequence>44</sequence>
  <level>END</level>
  <class>com.kms.katalon.core.logging.XmlKeywordLogger</class>
  <method>endKeyword</method>
  <thread>1</thread>
  <message>End action : result.setApiname(\&amp;quot;Media URL Contains Space\&amp;quot;)</message>
  <nestedLevel>3</nestedLevel>
</record>
<record>
  <date>2019-05-01T17:34:18</date>
  <millis>1556721258855</millis>
  <sequence>45</sequence>
  <level>START</level>
  <class>com.kms.katalon.core.logging.XmlKeywordLogger</class>
  <method>startKeyword</method>
  <thread>1</thread>
  <message>Start action : getInstance().addResult(result)</message>
  <nestedLevel>3</nestedLevel>
  <property name="startLine">48</property>
  <property name="stepIndex">6</property>
</record>
<record>
  <date>2019-05-01T17:34:18</date>
  <millis>1556721258868</millis>
  <sequence>46</sequence>
  <level>END</level>
  <class>com.kms.katalon.core.logging.XmlKeywordLogger</class>
  <method>endKeyword</method>
  <thread>1</thread>
  <message>End action : getInstance().addResult(result)</message>
  <nestedLevel>3</nestedLevel>
</record>
<record>
  <date>2019-05-01T17:34:18</date>
  <millis>1556721258868</millis>
  <sequence>47</sequence>
  <level>END</level>
  <class>com.kms.katalon.core.logging.XmlKeywordLogger</class>
  <method>endKeyword</method>
  <thread>1</thread>
  <message>End action : if (ActualURL.contains(\&amp;quot;m3u8\&amp;quot;))</message>
  <nestedLevel>2</nestedLevel>
</record>
<record>
  <date>2019-05-01T17:34:18</date>
  <millis>1556721258868</millis>
  <sequence>48</sequence>
  <level>START</level>
  <class>com.kms.katalon.core.logging.XmlKeywordLogger</class>
  <method>startKeyword</method>
  <thread>1</thread>
  <message>Start action : if (responseCode != \&amp;quot;200\&amp;quot;)</message>
  <nestedLevel>2</nestedLevel>
  <property name="startLine">52</property>
  <property name="stepIndex">10</property>
</record>
<record>
  <date>2019-05-01T17:34:18</date>
  <millis>1556721258876</millis>
  <sequence>49</sequence>
  <level>END</level>
  <class>com.kms.katalon.core.logging.XmlKeywordLogger</class>
  <method>endKeyword</method>
  <thread>1</thread>
  <message>End action : if (responseCode != \&amp;quot;200\&amp;quot;)</message>
  <nestedLevel>2</nestedLevel>
</record>
<record>
  <date>2019-05-01T17:34:18</date>
  <millis>1556721258876</millis>
  <sequence>50</sequence>
  <level>START</level>
  <class>com.kms.katalon.core.logging.XmlKeywordLogger</class>
  <method>startKeyword</method>
  <thread>1</thread>
  <message>Start action : PlayoutURL = \&amp;quot;https://api2.shahid.net/proxy/v2/playout/url/\&amp;quot; + ID[i]</message>
  <nestedLevel>2</nestedLevel>
  <property name="startLine">29</property>
  <property name="stepIndex">1</property>
</record>
<record>
  <date>2019-05-01T17:34:18</date>
  <millis>1556721258879</millis>
  <sequence>51</sequence>
  <level>END</level>
  <class>com.kms.katalon.core.logging.XmlKeywordLogger</class>
  <method>endKeyword</method>
  <thread>1</thread>
  <message>End action : PlayoutURL = \&amp;quot;https://api2.shahid.net/proxy/v2/playout/url/\&amp;quot; + ID[i]</message>
  <nestedLevel>2</nestedLevel>
</record>
<record>
  <date>2019-05-01T17:34:18</date>
  <millis>1556721258880</millis>
  <sequence>52</sequence>
  <level>START</level>
  <class>com.kms.katalon.core.logging.XmlKeywordLogger</class>
  <method>startKeyword</method>
  <thread>1</thread>
  <message>Start action : PlayOut = shahid.api.SendMediaReq.SendRequest(\&amp;quot;https://api2.shahid.net/proxy/v2/playout/url/\&amp;quot; + ID[i])</message>
  <nestedLevel>2</nestedLevel>
  <property name="startLine">30</property>
  <property name="stepIndex">2</property>
</record>
<record>
  <date>2019-05-01T17:34:19</date>
  <millis>1556721259367</millis>
  <sequence>54</sequence>
  <level>INFO</level>
  <class>com.kms.katalon.core.logging.XmlKeywordLogger</class>
  <method>logMessage</method>
  <thread>1</thread>
  <message>HAR: C:\\Users\\Mujahed\\Desktop\\mediaProject\\Reports\\Media Monitoring\\20190501_173400\\requests\\main\\1.har</message>
  <nestedLevel>1</nestedLevel>
  <property name="harId">62e36f86-3e12-4c45-bc8b-3d772ffeca93</property>
</record>
<record>
  <date>2019-05-01T17:34:19</date>
  <millis>1556721259372</millis>
  <sequence>55</sequence>
  <level>PASSED</level>
  <class>com.kms.katalon.core.logging.XmlKeywordLogger</class>
  <method>logMessage</method>
  <thread>1</thread>
  <message>Send request successfully</message>
  <nestedLevel>1</nestedLevel>
</record>
<record>
  <date>2019-05-01T17:34:19</date>
  <millis>1556721259372</millis>
  <sequence>56</sequence>
  <level>PASSED</level>
  <class>com.kms.katalon.core.logging.XmlKeywordLogger</class>
  <method>logMessage</method>
  <thread>1</thread>
  <message>shahid.api.SendMediaReq.SendRequest is PASSED</message>
  <nestedLevel>1</nestedLevel>
</record>
<record>
  <date>2019-05-01T17:34:19</date>
  <millis>1556721259373</millis>
  <sequence>57</sequence>
  <level>END</level>
  <class>com.kms.katalon.core.logging.XmlKeywordLogger</class>
  <method>endKeyword</method>
  <thread>1</thread>
  <message>End action : PlayOut = shahid.api.SendMediaReq.SendRequest(\&amp;quot;https://api2.shahid.net/proxy/v2/playout/url/\&amp;quot; + ID[i])</message>
  <nestedLevel>2</nestedLevel>
</record>
<record>
  <date>2019-05-01T17:34:19</date>
  <millis>1556721259373</millis>
  <sequence>58</sequence>
  <level>START</level>
  <class>com.kms.katalon.core.logging.XmlKeywordLogger</class>
  <method>startKeyword</method>
  <thread>1</thread>
  <message>Start action : responseBody = PlayOut.getResponseBodyContent()</message>
  <nestedLevel>2</nestedLevel>
  <property name="startLine">32</property>
  <property name="stepIndex">3</property>
</record>
<record>
  <date>2019-05-01T17:34:19</date>
  <millis>1556721259374</millis>
  <sequence>59</sequence>
  <level>END</level>
  <class>com.kms.katalon.core.logging.XmlKeywordLogger</class>
  <method>endKeyword</method>
  <thread>1</thread>
  <message>End action : responseBody = PlayOut.getResponseBodyContent()</message>
  <nestedLevel>2</nestedLevel>
</record>
<record>
  <date>2019-05-01T17:34:19</date>
  <millis>1556721259374</millis>
  <sequence>60</sequence>
  <level>START</level>
  <class>com.kms.katalon.core.logging.XmlKeywordLogger</class>
  <method>startKeyword</method>
  <thread>1</thread>
  <message>Start action : responseCode = getStatusCode().toString()</message>
  <nestedLevel>2</nestedLevel>
  <property name="startLine">33</property>
  <property name="stepIndex">4</property>
</record>
<record>
  <date>2019-05-01T17:34:19</date>
  <millis>1556721259374</millis>
  <sequence>61</sequence>
  <level>END</level>
  <class>com.kms.katalon.core.logging.XmlKeywordLogger</class>
  <method>endKeyword</method>
  <thread>1</thread>
  <message>End action : responseCode = getStatusCode().toString()</message>
  <nestedLevel>2</nestedLevel>
</record>
<record>
  <date>2019-05-01T17:34:19</date>
  <millis>1556721259374</millis>
  <sequence>62</sequence>
  <level>START</level>
  <class>com.kms.katalon.core.logging.XmlKeywordLogger</class>
  <method>startKeyword</method>
  <thread>1</thread>
  <message>Start action : Temp2 = responseBody.split(\&amp;quot;,\&amp;quot;)</message>
  <nestedLevel>2</nestedLevel>
  <property name="startLine">35</property>
  <property name="stepIndex">5</property>
</record>
<record>
  <date>2019-05-01T17:34:19</date>
  <millis>1556721259375</millis>
  <sequence>63</sequence>
  <level>END</level>
  <class>com.kms.katalon.core.logging.XmlKeywordLogger</class>
  <method>endKeyword</method>
  <thread>1</thread>
  <message>End action : Temp2 = responseBody.split(\&amp;quot;,\&amp;quot;)</message>
  <nestedLevel>2</nestedLevel>
</record>
<record>
  <date>2019-05-01T17:34:19</date>
  <millis>1556721259376</millis>
  <sequence>64</sequence>
  <level>START</level>
  <class>com.kms.katalon.core.logging.XmlKeywordLogger</class>
  <method>startKeyword</method>
  <thread>1</thread>
  <message>Start action : fullURL = Temp2[9]</message>
  <nestedLevel>2</nestedLevel>
  <property name="startLine">36</property>
  <property name="stepIndex">6</property>
</record>
<record>
  <date>2019-05-01T17:34:19</date>
  <millis>1556721259376</millis>
  <sequence>65</sequence>
  <level>END</level>
  <class>com.kms.katalon.core.logging.XmlKeywordLogger</class>
  <method>endKeyword</method>
  <thread>1</thread>
  <message>End action : fullURL = Temp2[9]</message>
  <nestedLevel>2</nestedLevel>
</record>
<record>
  <date>2019-05-01T17:34:19</date>
  <millis>1556721259376</millis>
  <sequence>66</sequence>
  <level>START</level>
  <class>com.kms.katalon.core.logging.XmlKeywordLogger</class>
  <method>startKeyword</method>
  <thread>1</thread>
  <message>Start action : Temp6 = fullURL.split(\&amp;quot;\&amp;quot;\&amp;quot;)</message>
  <nestedLevel>2</nestedLevel>
  <property name="startLine">39</property>
  <property name="stepIndex">7</property>
</record>
<record>
  <date>2019-05-01T17:34:19</date>
  <millis>1556721259377</millis>
  <sequence>67</sequence>
  <level>END</level>
  <class>com.kms.katalon.core.logging.XmlKeywordLogger</class>
  <method>endKeyword</method>
  <thread>1</thread>
  <message>End action : Temp6 = fullURL.split(\&amp;quot;\&amp;quot;\&amp;quot;)</message>
  <nestedLevel>2</nestedLevel>
</record>
<record>
  <date>2019-05-01T17:34:19</date>
  <millis>1556721259377</millis>
  <sequence>68</sequence>
  <level>START</level>
  <class>com.kms.katalon.core.logging.XmlKeywordLogger</class>
  <method>startKeyword</method>
  <thread>1</thread>
  <message>Start action : ActualURL = Temp6[3]</message>
  <nestedLevel>2</nestedLevel>
  <property name="startLine">40</property>
  <property name="stepIndex">8</property>
</record>
<record>
  <date>2019-05-01T17:34:19</date>
  <millis>1556721259378</millis>
  <sequence>69</sequence>
  <level>END</level>
  <class>com.kms.katalon.core.logging.XmlKeywordLogger</class>
  <method>endKeyword</method>
  <thread>1</thread>
  <message>End action : ActualURL = Temp6[3]</message>
  <nestedLevel>2</nestedLevel>
</record>
<record>
  <date>2019-05-01T17:34:19</date>
  <millis>1556721259378</millis>
  <sequence>70</sequence>
  <level>START</level>
  <class>com.kms.katalon.core.logging.XmlKeywordLogger</class>
  <method>startKeyword</method>
  <thread>1</thread>
  <message>Start action : if (ActualURL.contains(\&amp;quot;m3u8\&amp;quot;))</message>
  <nestedLevel>2</nestedLevel>
  <property name="startLine">42</property>
  <property name="stepIndex">9</property>
</record>
<record>
  <date>2019-05-01T17:34:19</date>
  <millis>1556721259378</millis>
  <sequence>71</sequence>
  <level>START</level>
  <class>com.kms.katalon.core.logging.XmlKeywordLogger</class>
  <method>startKeyword</method>
  <thread>1</thread>
  <message>Start action : result = new shahid.api.Result()</message>
  <nestedLevel>3</nestedLevel>
  <property name="startLine">43</property>
  <property name="stepIndex">1</property>
</record>
<record>
  <date>2019-05-01T17:34:19</date>
  <millis>1556721259378</millis>
  <sequence>72</sequence>
  <level>END</level>
  <class>com.kms.katalon.core.logging.XmlKeywordLogger</class>
  <method>endKeyword</method>
  <thread>1</thread>
  <message>End action : result = new shahid.api.Result()</message>
  <nestedLevel>3</nestedLevel>
</record>
<record>
  <date>2019-05-01T17:34:19</date>
  <millis>1556721259379</millis>
  <sequence>73</sequence>
  <level>START</level>
  <class>com.kms.katalon.core.logging.XmlKeywordLogger</class>
  <method>startKeyword</method>
  <thread>1</thread>
  <message>Start action : result.setURL(PlayoutURL)</message>
  <nestedLevel>3</nestedLevel>
  <property name="startLine">44</property>
  <property name="stepIndex">2</property>
</record>
<record>
  <date>2019-05-01T17:34:19</date>
  <millis>1556721259379</millis>
  <sequence>74</sequence>
  <level>END</level>
  <class>com.kms.katalon.core.logging.XmlKeywordLogger</class>
  <method>endKeyword</method>
  <thread>1</thread>
  <message>End action : result.setURL(PlayoutURL)</message>
  <nestedLevel>3</nestedLevel>
</record>
<record>
  <date>2019-05-01T17:34:19</date>
  <millis>1556721259380</millis>
  <sequence>75</sequence>
  <level>START</level>
  <class>com.kms.katalon.core.logging.XmlKeywordLogger</class>
  <method>startKeyword</method>
  <thread>1</thread>
  <message>Start action : result.setStatuscode(responseCode)</message>
  <nestedLevel>3</nestedLevel>
  <property name="startLine">45</property>
  <property name="stepIndex">3</property>
</record>
<record>
  <date>2019-05-01T17:34:19</date>
  <millis>1556721259380</millis>
  <sequence>76</sequence>
  <level>END</level>
  <class>com.kms.katalon.core.logging.XmlKeywordLogger</class>
  <method>endKeyword</method>
  <thread>1</thread>
  <message>End action : result.setStatuscode(responseCode)</message>
  <nestedLevel>3</nestedLevel>
</record>
<record>
  <date>2019-05-01T17:34:19</date>
  <millis>1556721259380</millis>
  <sequence>77</sequence>
  <level>START</level>
  <class>com.kms.katalon.core.logging.XmlKeywordLogger</class>
  <method>startKeyword</method>
  <thread>1</thread>
  <message>Start action : result.setResponse(responseBody)</message>
  <nestedLevel>3</nestedLevel>
  <property name="startLine">46</property>
  <property name="stepIndex">4</property>
</record>
<record>
  <date>2019-05-01T17:34:19</date>
  <millis>1556721259381</millis>
  <sequence>78</sequence>
  <level>END</level>
  <class>com.kms.katalon.core.logging.XmlKeywordLogger</class>
  <method>endKeyword</method>
  <thread>1</thread>
  <message>End action : result.setResponse(responseBody)</message>
  <nestedLevel>3</nestedLevel>
</record>
<record>
  <date>2019-05-01T17:34:19</date>
  <millis>1556721259381</millis>
  <sequence>79</sequence>
  <level>START</level>
  <class>com.kms.katalon.core.logging.XmlKeywordLogger</class>
  <method>startKeyword</method>
  <thread>1</thread>
  <message>Start action : result.setApiname(\&amp;quot;Media URL Contains Space\&amp;quot;)</message>
  <nestedLevel>3</nestedLevel>
  <property name="startLine">47</property>
  <property name="stepIndex">5</property>
</record>
<record>
  <date>2019-05-01T17:34:19</date>
  <millis>1556721259381</millis>
  <sequence>80</sequence>
  <level>END</level>
  <class>com.kms.katalon.core.logging.XmlKeywordLogger</class>
  <method>endKeyword</method>
  <thread>1</thread>
  <message>End action : result.setApiname(\&amp;quot;Media URL Contains Space\&amp;quot;)</message>
  <nestedLevel>3</nestedLevel>
</record>
<record>
  <date>2019-05-01T17:34:19</date>
  <millis>1556721259381</millis>
  <sequence>81</sequence>
  <level>START</level>
  <class>com.kms.katalon.core.logging.XmlKeywordLogger</class>
  <method>startKeyword</method>
  <thread>1</thread>
  <message>Start action : getInstance().addResult(result)</message>
  <nestedLevel>3</nestedLevel>
  <property name="startLine">48</property>
  <property name="stepIndex">6</property>
</record>
<record>
  <date>2019-05-01T17:34:19</date>
  <millis>1556721259382</millis>
  <sequence>82</sequence>
  <level>END</level>
  <class>com.kms.katalon.core.logging.XmlKeywordLogger</class>
  <method>endKeyword</method>
  <thread>1</thread>
  <message>End action : getInstance().addResult(result)</message>
  <nestedLevel>3</nestedLevel>
</record>
<record>
  <date>2019-05-01T17:34:19</date>
  <millis>1556721259382</millis>
  <sequence>83</sequence>
  <level>END</level>
  <class>com.kms.katalon.core.logging.XmlKeywordLogger</class>
  <method>endKeyword</method>
  <thread>1</thread>
  <message>End action : if (ActualURL.contains(\&amp;quot;m3u8\&amp;quot;))</message>
  <nestedLevel>2</nestedLevel>
</record>
<record>
  <date>2019-05-01T17:34:19</date>
  <millis>1556721259382</millis>
  <sequence>84</sequence>
  <level>START</level>
  <class>com.kms.katalon.core.logging.XmlKeywordLogger</class>
  <method>startKeyword</method>
  <thread>1</thread>
  <message>Start action : if (responseCode != \&amp;quot;200\&amp;quot;)</message>
  <nestedLevel>2</nestedLevel>
  <property name="startLine">52</property>
  <property name="stepIndex">10</property>
</record>
<record>
  <date>2019-05-01T17:34:19</date>
  <millis>1556721259383</millis>
  <sequence>85</sequence>
  <level>END</level>
  <class>com.kms.katalon.core.logging.XmlKeywordLogger</class>
  <method>endKeyword</method>
  <thread>1</thread>
  <message>End action : if (responseCode != \&amp;quot;200\&amp;quot;)</message>
  <nestedLevel>2</nestedLevel>
</record>
<record>
  <date>2019-05-01T17:34:19</date>
  <millis>1556721259383</millis>
  <sequence>86</sequence>
  <level>START</level>
  <class>com.kms.katalon.core.logging.XmlKeywordLogger</class>
  <method>startKeyword</method>
  <thread>1</thread>
  <message>Start action : PlayoutURL = \&amp;quot;https://api2.shahid.net/proxy/v2/playout/url/\&amp;quot; + ID[i]</message>
  <nestedLevel>2</nestedLevel>
  <property name="startLine">29</property>
  <property name="stepIndex">1</property>
</record>
<record>
  <date>2019-05-01T17:34:19</date>
  <millis>1556721259384</millis>
  <sequence>87</sequence>
  <level>END</level>
  <class>com.kms.katalon.core.logging.XmlKeywordLogger</class>
  <method>endKeyword</method>
  <thread>1</thread>
  <message>End action : PlayoutURL = \&amp;quot;https://api2.shahid.net/proxy/v2/playout/url/\&amp;quot; + ID[i]</message>
  <nestedLevel>2</nestedLevel>
</record>
<record>
  <date>2019-05-01T17:34:19</date>
  <millis>1556721259384</millis>
  <sequence>88</sequence>
  <level>START</level>
  <class>com.kms.katalon.core.logging.XmlKeywordLogger</class>
  <method>startKeyword</method>
  <thread>1</thread>
  <message>Start action : PlayOut = shahid.api.SendMediaReq.SendRequest(\&amp;quot;https://api2.shahid.net/proxy/v2/playout/url/\&amp;quot; + ID[i])</message>
  <nestedLevel>2</nestedLevel>
  <property name="startLine">30</property>
  <property name="stepIndex">2</property>
</record>
<record>
  <date>2019-05-01T17:34:20</date>
  <millis>1556721260046</millis>
  <sequence>90</sequence>
  <level>INFO</level>
  <class>com.kms.katalon.core.logging.XmlKeywordLogger</class>
  <method>logMessage</method>
  <thread>1</thread>
  <message>HAR: C:\\Users\\Mujahed\\Desktop\\mediaProject\\Reports\\Media Monitoring\\20190501_173400\\requests\\main\\2.har</message>
  <nestedLevel>1</nestedLevel>
  <property name="harId">059989ba-f734-4270-b12c-c86dffcb64b4</property>
</record>
<record>
  <date>2019-05-01T17:34:20</date>
  <millis>1556721260052</millis>
  <sequence>91</sequence>
  <level>PASSED</level>
  <class>com.kms.katalon.core.logging.XmlKeywordLogger</class>
  <method>logMessage</method>
  <thread>1</thread>
  <message>Send request successfully</message>
  <nestedLevel>1</nestedLevel>
</record>
<record>
  <date>2019-05-01T17:34:20</date>
  <millis>1556721260052</millis>
  <sequence>92</sequence>
  <level>PASSED</level>
  <class>com.kms.katalon.core.logging.XmlKeywordLogger</class>
  <method>logMessage</method>
  <thread>1</thread>
  <message>shahid.api.SendMediaReq.SendRequest is PASSED</message>
  <nestedLevel>1</nestedLevel>
</record>
<record>
  <date>2019-05-01T17:34:20</date>
  <millis>1556721260052</millis>
  <sequence>93</sequence>
  <level>END</level>
  <class>com.kms.katalon.core.logging.XmlKeywordLogger</class>
  <method>endKeyword</method>
  <thread>1</thread>
  <message>End action : PlayOut = shahid.api.SendMediaReq.SendRequest(\&amp;quot;https://api2.shahid.net/proxy/v2/playout/url/\&amp;quot; + ID[i])</message>
  <nestedLevel>2</nestedLevel>
</record>
<record>
  <date>2019-05-01T17:34:20</date>
  <millis>1556721260053</millis>
  <sequence>94</sequence>
  <level>START</level>
  <class>com.kms.katalon.core.logging.XmlKeywordLogger</class>
  <method>startKeyword</method>
  <thread>1</thread>
  <message>Start action : responseBody = PlayOut.getResponseBodyContent()</message>
  <nestedLevel>2</nestedLevel>
  <property name="startLine">32</property>
  <property name="stepIndex">3</property>
</record>
<record>
  <date>2019-05-01T17:34:20</date>
  <millis>1556721260053</millis>
  <sequence>95</sequence>
  <level>END</level>
  <class>com.kms.katalon.core.logging.XmlKeywordLogger</class>
  <method>endKeyword</method>
  <thread>1</thread>
  <message>End action : responseBody = PlayOut.getResponseBodyContent()</message>
  <nestedLevel>2</nestedLevel>
</record>
<record>
  <date>2019-05-01T17:34:20</date>
  <millis>1556721260053</millis>
  <sequence>96</sequence>
  <level>START</level>
  <class>com.kms.katalon.core.logging.XmlKeywordLogger</class>
  <method>startKeyword</method>
  <thread>1</thread>
  <message>Start action : responseCode = getStatusCode().toString()</message>
  <nestedLevel>2</nestedLevel>
  <property name="startLine">33</property>
  <property name="stepIndex">4</property>
</record>
<record>
  <date>2019-05-01T17:34:20</date>
  <millis>1556721260054</millis>
  <sequence>97</sequence>
  <level>END</level>
  <class>com.kms.katalon.core.logging.XmlKeywordLogger</class>
  <method>endKeyword</method>
  <thread>1</thread>
  <message>End action : responseCode = getStatusCode().toString()</message>
  <nestedLevel>2</nestedLevel>
</record>
<record>
  <date>2019-05-01T17:34:20</date>
  <millis>1556721260054</millis>
  <sequence>98</sequence>
  <level>START</level>
  <class>com.kms.katalon.core.logging.XmlKeywordLogger</class>
  <method>startKeyword</method>
  <thread>1</thread>
  <message>Start action : Temp2 = responseBody.split(\&amp;quot;,\&amp;quot;)</message>
  <nestedLevel>2</nestedLevel>
  <property name="startLine">35</property>
  <property name="stepIndex">5</property>
</record>
<record>
  <date>2019-05-01T17:34:20</date>
  <millis>1556721260055</millis>
  <sequence>99</sequence>
  <level>END</level>
  <class>com.kms.katalon.core.logging.XmlKeywordLogger</class>
  <method>endKeyword</method>
  <thread>1</thread>
  <message>End action : Temp2 = responseBody.split(\&amp;quot;,\&amp;quot;)</message>
  <nestedLevel>2</nestedLevel>
</record>
<record>
  <date>2019-05-01T17:34:20</date>
  <millis>1556721260055</millis>
  <sequence>100</sequence>
  <level>START</level>
  <class>com.kms.katalon.core.logging.XmlKeywordLogger</class>
  <method>startKeyword</method>
  <thread>1</thread>
  <message>Start action : fullURL = Temp2[9]</message>
  <nestedLevel>2</nestedLevel>
  <property name="startLine">36</property>
  <property name="stepIndex">6</property>
</record>
<record>
  <date>2019-05-01T17:34:20</date>
  <millis>1556721260055</millis>
  <sequence>101</sequence>
  <level>END</level>
  <class>com.kms.katalon.core.logging.XmlKeywordLogger</class>
  <method>endKeyword</method>
  <thread>1</thread>
  <message>End action : fullURL = Temp2[9]</message>
  <nestedLevel>2</nestedLevel>
</record>
<record>
  <date>2019-05-01T17:34:20</date>
  <millis>1556721260055</millis>
  <sequence>102</sequence>
  <level>START</level>
  <class>com.kms.katalon.core.logging.XmlKeywordLogger</class>
  <method>startKeyword</method>
  <thread>1</thread>
  <message>Start action : Temp6 = fullURL.split(\&amp;quot;\&amp;quot;\&amp;quot;)</message>
  <nestedLevel>2</nestedLevel>
  <property name="startLine">39</property>
  <property name="stepIndex">7</property>
</record>
<record>
  <date>2019-05-01T17:34:20</date>
  <millis>1556721260059</millis>
  <sequence>103</sequence>
  <level>END</level>
  <class>com.kms.katalon.core.logging.XmlKeywordLogger</class>
  <method>endKeyword</method>
  <thread>1</thread>
  <message>End action : Temp6 = fullURL.split(\&amp;quot;\&amp;quot;\&amp;quot;)</message>
  <nestedLevel>2</nestedLevel>
</record>
<record>
  <date>2019-05-01T17:34:20</date>
  <millis>1556721260059</millis>
  <sequence>104</sequence>
  <level>START</level>
  <class>com.kms.katalon.core.logging.XmlKeywordLogger</class>
  <method>startKeyword</method>
  <thread>1</thread>
  <message>Start action : ActualURL = Temp6[3]</message>
  <nestedLevel>2</nestedLevel>
  <property name="startLine">40</property>
  <property name="stepIndex">8</property>
</record>
<record>
  <date>2019-05-01T17:34:20</date>
  <millis>1556721260059</millis>
  <sequence>105</sequence>
  <level>END</level>
  <class>com.kms.katalon.core.logging.XmlKeywordLogger</class>
  <method>endKeyword</method>
  <thread>1</thread>
  <message>End action : ActualURL = Temp6[3]</message>
  <nestedLevel>2</nestedLevel>
</record>
<record>
  <date>2019-05-01T17:34:20</date>
  <millis>1556721260059</millis>
  <sequence>106</sequence>
  <level>START</level>
  <class>com.kms.katalon.core.logging.XmlKeywordLogger</class>
  <method>startKeyword</method>
  <thread>1</thread>
  <message>Start action : if (ActualURL.contains(\&amp;quot;m3u8\&amp;quot;))</message>
  <nestedLevel>2</nestedLevel>
  <property name="startLine">42</property>
  <property name="stepIndex">9</property>
</record>
<record>
  <date>2019-05-01T17:34:20</date>
  <millis>1556721260061</millis>
  <sequence>107</sequence>
  <level>START</level>
  <class>com.kms.katalon.core.logging.XmlKeywordLogger</class>
  <method>startKeyword</method>
  <thread>1</thread>
  <message>Start action : result = new shahid.api.Result()</message>
  <nestedLevel>3</nestedLevel>
  <property name="startLine">43</property>
  <property name="stepIndex">1</property>
</record>
<record>
  <date>2019-05-01T17:34:20</date>
  <millis>1556721260061</millis>
  <sequence>108</sequence>
  <level>END</level>
  <class>com.kms.katalon.core.logging.XmlKeywordLogger</class>
  <method>endKeyword</method>
  <thread>1</thread>
  <message>End action : result = new shahid.api.Result()</message>
  <nestedLevel>3</nestedLevel>
</record>
<record>
  <date>2019-05-01T17:34:20</date>
  <millis>1556721260062</millis>
  <sequence>109</sequence>
  <level>START</level>
  <class>com.kms.katalon.core.logging.XmlKeywordLogger</class>
  <method>startKeyword</method>
  <thread>1</thread>
  <message>Start action : result.setURL(PlayoutURL)</message>
  <nestedLevel>3</nestedLevel>
  <property name="startLine">44</property>
  <property name="stepIndex">2</property>
</record>
<record>
  <date>2019-05-01T17:34:20</date>
  <millis>1556721260062</millis>
  <sequence>110</sequence>
  <level>END</level>
  <class>com.kms.katalon.core.logging.XmlKeywordLogger</class>
  <method>endKeyword</method>
  <thread>1</thread>
  <message>End action : result.setURL(PlayoutURL)</message>
  <nestedLevel>3</nestedLevel>
</record>
<record>
  <date>2019-05-01T17:34:20</date>
  <millis>1556721260063</millis>
  <sequence>111</sequence>
  <level>START</level>
  <class>com.kms.katalon.core.logging.XmlKeywordLogger</class>
  <method>startKeyword</method>
  <thread>1</thread>
  <message>Start action : result.setStatuscode(responseCode)</message>
  <nestedLevel>3</nestedLevel>
  <property name="startLine">45</property>
  <property name="stepIndex">3</property>
</record>
<record>
  <date>2019-05-01T17:34:20</date>
  <millis>1556721260063</millis>
  <sequence>112</sequence>
  <level>END</level>
  <class>com.kms.katalon.core.logging.XmlKeywordLogger</class>
  <method>endKeyword</method>
  <thread>1</thread>
  <message>End action : result.setStatuscode(responseCode)</message>
  <nestedLevel>3</nestedLevel>
</record>
<record>
  <date>2019-05-01T17:34:20</date>
  <millis>1556721260063</millis>
  <sequence>113</sequence>
  <level>START</level>
  <class>com.kms.katalon.core.logging.XmlKeywordLogger</class>
  <method>startKeyword</method>
  <thread>1</thread>
  <message>Start action : result.setResponse(responseBody)</message>
  <nestedLevel>3</nestedLevel>
  <property name="startLine">46</property>
  <property name="stepIndex">4</property>
</record>
<record>
  <date>2019-05-01T17:34:20</date>
  <millis>1556721260065</millis>
  <sequence>114</sequence>
  <level>END</level>
  <class>com.kms.katalon.core.logging.XmlKeywordLogger</class>
  <method>endKeyword</method>
  <thread>1</thread>
  <message>End action : result.setResponse(responseBody)</message>
  <nestedLevel>3</nestedLevel>
</record>
<record>
  <date>2019-05-01T17:34:20</date>
  <millis>1556721260065</millis>
  <sequence>115</sequence>
  <level>START</level>
  <class>com.kms.katalon.core.logging.XmlKeywordLogger</class>
  <method>startKeyword</method>
  <thread>1</thread>
  <message>Start action : result.setApiname(\&amp;quot;Media URL Contains Space\&amp;quot;)</message>
  <nestedLevel>3</nestedLevel>
  <property name="startLine">47</property>
  <property name="stepIndex">5</property>
</record>
<record>
  <date>2019-05-01T17:34:20</date>
  <millis>1556721260066</millis>
  <sequence>116</sequence>
  <level>END</level>
  <class>com.kms.katalon.core.logging.XmlKeywordLogger</class>
  <method>endKeyword</method>
  <thread>1</thread>
  <message>End action : result.setApiname(\&amp;quot;Media URL Contains Space\&amp;quot;)</message>
  <nestedLevel>3</nestedLevel>
</record>
<record>
  <date>2019-05-01T17:34:20</date>
  <millis>1556721260066</millis>
  <sequence>117</sequence>
  <level>START</level>
  <class>com.kms.katalon.core.logging.XmlKeywordLogger</class>
  <method>startKeyword</method>
  <thread>1</thread>
  <message>Start action : getInstance().addResult(result)</message>
  <nestedLevel>3</nestedLevel>
  <property name="startLine">48</property>
  <property name="stepIndex">6</property>
</record>
<record>
  <date>2019-05-01T17:34:20</date>
  <millis>1556721260067</millis>
  <sequence>118</sequence>
  <level>END</level>
  <class>com.kms.katalon.core.logging.XmlKeywordLogger</class>
  <method>endKeyword</method>
  <thread>1</thread>
  <message>End action : getInstance().addResult(result)</message>
  <nestedLevel>3</nestedLevel>
</record>
<record>
  <date>2019-05-01T17:34:20</date>
  <millis>1556721260068</millis>
  <sequence>119</sequence>
  <level>END</level>
  <class>com.kms.katalon.core.logging.XmlKeywordLogger</class>
  <method>endKeyword</method>
  <thread>1</thread>
  <message>End action : if (ActualURL.contains(\&amp;quot;m3u8\&amp;quot;))</message>
  <nestedLevel>2</nestedLevel>
</record>
<record>
  <date>2019-05-01T17:34:20</date>
  <millis>1556721260068</millis>
  <sequence>120</sequence>
  <level>START</level>
  <class>com.kms.katalon.core.logging.XmlKeywordLogger</class>
  <method>startKeyword</method>
  <thread>1</thread>
  <message>Start action : if (responseCode != \&amp;quot;200\&amp;quot;)</message>
  <nestedLevel>2</nestedLevel>
  <property name="startLine">52</property>
  <property name="stepIndex">10</property>
</record>
<record>
  <date>2019-05-01T17:34:20</date>
  <millis>1556721260068</millis>
  <sequence>121</sequence>
  <level>END</level>
  <class>com.kms.katalon.core.logging.XmlKeywordLogger</class>
  <method>endKeyword</method>
  <thread>1</thread>
  <message>End action : if (responseCode != \&amp;quot;200\&amp;quot;)</message>
  <nestedLevel>2</nestedLevel>
</record>
<record>
  <date>2019-05-01T17:34:20</date>
  <millis>1556721260068</millis>
  <sequence>122</sequence>
  <level>END</level>
  <class>com.kms.katalon.core.logging.XmlKeywordLogger</class>
  <method>endKeyword</method>
  <thread>1</thread>
  <message>End action : for ([i = 0, i &amp;lt;= 2, (i++)])</message>
  <nestedLevel>1</nestedLevel>
</record>
<record>
  <date>2019-05-01T17:34:20</date>
  <millis>1556721260069</millis>
  <sequence>123</sequence>
  <level>PASSED</level>
  <class>com.kms.katalon.core.logging.XmlKeywordLogger</class>
  <method>logMessage</method>
  <thread>1</thread>
  <message>Test Cases/CheckClips</message>
  <nestedLevel>1</nestedLevel>
</record>
<record>
  <date>2019-05-01T17:34:20</date>
  <millis>1556721260069</millis>
  <sequence>124</sequence>
  <level>END</level>
  <class>com.kms.katalon.core.logging.XmlKeywordLogger</class>
  <method>endTest</method>
  <thread>1</thread>
  <message>End Test Case : Test Cases/CheckClips</message>
  <nestedLevel>0</nestedLevel>
</record>
<record>
  <date>2019-05-01T17:34:20</date>
  <millis>1556721260072</millis>
  <sequence>125</sequence>
  <level>START</level>
  <class>com.kms.katalon.core.logging.XmlKeywordLogger</class>
  <method>startTest</method>
  <thread>1</thread>
  <message>Start Test Case : Test Cases/Result</message>
  <nestedLevel>1</nestedLevel>
  <property name="name">Test Cases/Result</property>
  <property name="description"></property>
  <property name="id">Test Cases/Result</property>
  <property name="source">C:\\Users\\Mujahed\\Desktop\\mediaProject\\Test Cases\\Result.tc</property>
  <property name="isOptional">false</property>
</record>
<record>
  <date>2019-05-01T17:34:20</date>
  <millis>1556721260240</millis>
  <sequence>127</sequence>
  <level>START</level>
  <class>com.kms.katalon.core.logging.XmlKeywordLogger</class>
  <method>startKeyword</method>
  <thread>1</thread>
  <message>Start action : shahid.api.SubmitFail.submitPatch()</message>
  <nestedLevel>1</nestedLevel>
  <property name="startLine">17</property>
  <property name="stepIndex">1</property>
</record>
<record>
  <date>2019-05-01T17:34:21</date>
  <millis>1556721261623</millis>
  <sequence>128</sequence>
  <level>PASSED</level>
  <class>com.kms.katalon.core.logging.XmlKeywordLogger</class>
  <method>logMessage</method>
  <thread>1</thread>
  <message>shahid.api.SubmitFail.submitPatch is PASSED</message>
  <nestedLevel>1</nestedLevel>
</record>
<record>
  <date>2019-05-01T17:34:21</date>
  <millis>1556721261623</millis>
  <sequence>129</sequence>
  <level>END</level>
  <class>com.kms.katalon.core.logging.XmlKeywordLogger</class>
  <method>endKeyword</method>
  <thread>1</thread>
  <message>End action : shahid.api.SubmitFail.submitPatch()</message>
  <nestedLevel>1</nestedLevel>
</record>
<record>
  <date>2019-05-01T17:34:21</date>
  <millis>1556721261623</millis>
  <sequence>130</sequence>
  <level>PASSED</level>
  <class>com.kms.katalon.core.logging.XmlKeywordLogger</class>
  <method>logMessage</method>
  <thread>1</thread>
  <message>Test Cases/Result</message>
  <nestedLevel>1</nestedLevel>
</record>
<record>
  <date>2019-05-01T17:34:21</date>
  <millis>1556721261623</millis>
  <sequence>131</sequence>
  <level>END</level>
  <class>com.kms.katalon.core.logging.XmlKeywordLogger</class>
  <method>endTest</method>
  <thread>1</thread>
  <message>End Test Case : Test Cases/Result</message>
  <nestedLevel>0</nestedLevel>
</record>
<record>
  <date>2019-05-01T17:34:21</date>
  <millis>1556721261678</millis>
  <sequence>132</sequence>
  <level>END</level>
  <class>com.kms.katalon.core.logging.XmlKeywordLogger</class>
  <method>endSuite</method>
  <thread>1</thread>
  <message>End Test Suite : Test Suites/Media Monitoring</message>
  <nestedLevel>0</nestedLevel>
</record>
</log>